<?xml version="1.0" encoding="UTF-8"?>
<!-- Generated by org.testng.reporters.JUnitReportReporter -->
<testsuite skipped="0" hostname="ATMECSINLT-405" name="com.atmecs.atmecsautomation.testscripts.SubmenuServicesDigitalLife" tests="1" failures="0" timestamp="2020-10-13T19:27:40 IST" time="21.657" errors="0">
  <testcase name="subMenuDigitalLife" time="21.657" classname="com.atmecs.atmecsautomation.testscripts.SubmenuServicesDigitalLife"/>
  <system-out/>
</testsuite> <!-- com.atmecs.atmecsautomation.testscripts.SubmenuServicesDigitalLife -->
