<?xml version="1.0" encoding="UTF-8"?>
<!-- Generated by org.testng.reporters.JUnitReportReporter -->
<testsuite skipped="0" hostname="ATMECSINLT-405" name="com.atmecs.atmecsautomation.testscripts.MenuWithSubMenuItems" tests="1" failures="0" timestamp="2020-10-14T11:40:17 IST" time="44.071" errors="0">
  <testcase name="menuWithSubMenu" time="44.071" classname="com.atmecs.atmecsautomation.testscripts.MenuWithSubMenuItems"/>
  <system-out/>
</testsuite> <!-- com.atmecs.atmecsautomation.testscripts.MenuWithSubMenuItems -->
