<?xml version="1.0" encoding="UTF-8"?>
<!-- Generated by org.testng.reporters.JUnitReportReporter -->
<testsuite skipped="0" hostname="ATMECSINLT-405" name="com.atmecs.atmecsautomation.testscripts.HeaderFooterTest" tests="1" failures="0" timestamp="2020-10-13T19:27:40 IST" time="13.220" errors="0">
  <testcase name="headerFooter" time="13.220" classname="com.atmecs.atmecsautomation.testscripts.HeaderFooterTest"/>
  <system-out/>
</testsuite> <!-- com.atmecs.atmecsautomation.testscripts.HeaderFooterTest -->
