<?xml version="1.0" encoding="UTF-8"?>
<!-- Generated by org.testng.reporters.JUnitReportReporter -->
<testsuite skipped="0" hostname="ATMECSINLT-405" name="com.atmecs.atmecsautomation.testscripts.HyperlinksTest" tests="1" failures="0" timestamp="2020-10-13T19:27:40 IST" time="60.888" errors="0">
  <testcase name="doHyperlinkTest" time="60.888" classname="com.atmecs.atmecsautomation.testscripts.HyperlinksTest"/>
  <system-out/>
</testsuite> <!-- com.atmecs.atmecsautomation.testscripts.HyperlinksTest -->
