<?xml version="1.0" encoding="UTF-8"?>
<!-- Generated by org.testng.reporters.JUnitReportReporter -->
<testsuite skipped="0" hostname="ATMECSINLT-405" name="com.atmecs.atmecsautomation.testscripts.HeaderFooterTest" tests="1" failures="0" timestamp="2020-10-14T11:24:53 IST" time="14.956" errors="0">
  <testcase name="headerFooter" time="14.956" classname="com.atmecs.atmecsautomation.testscripts.HeaderFooterTest"/>
  <system-out/>
</testsuite> <!-- com.atmecs.atmecsautomation.testscripts.HeaderFooterTest -->
