<?xml version="1.0" encoding="UTF-8"?>
<!-- Generated by org.testng.reporters.JUnitReportReporter -->
<testsuite skipped="0" hostname="ATMECSINLT-405" name="com.atmecs.atmecsautomation.testscripts.MoreInfoButtonCSSEffect" tests="1" failures="0" timestamp="2020-10-14T11:40:17 IST" time="13.070" errors="0">
  <testcase name="cssEffect" time="13.070" classname="com.atmecs.atmecsautomation.testscripts.MoreInfoButtonCSSEffect"/>
  <system-out/>
</testsuite> <!-- com.atmecs.atmecsautomation.testscripts.MoreInfoButtonCSSEffect -->
