<?xml version="1.0" encoding="UTF-8"?>
<!-- Generated by org.testng.reporters.JUnitReportReporter -->
<testsuite skipped="0" hostname="ATMECSINLT-405" name="com.atmecs.atmecsautomation.testscripts.SubmenuServicesDigitalLife" tests="1" failures="0" timestamp="2020-10-14T11:40:17 IST" time="20.831" errors="0">
  <testcase name="subMenuDigitalLife" time="20.831" classname="com.atmecs.atmecsautomation.testscripts.SubmenuServicesDigitalLife"/>
  <system-out/>
</testsuite> <!-- com.atmecs.atmecsautomation.testscripts.SubmenuServicesDigitalLife -->
