<?xml version="1.0" encoding="UTF-8"?>
<!-- Generated by org.testng.reporters.JUnitReportReporter -->
<testsuite skipped="0" hostname="ATMECSINLT-405" name="com.atmecs.demoblaze.testscripts.ContactUs" tests="1" failures="0" timestamp="2020-10-09T18:21:46 IST" time="21.537" errors="0">
  <testcase name="contactus" time="21.537" classname="com.atmecs.demoblaze.testscripts.ContactUs"/>
  <system-out/>
</testsuite> <!-- com.atmecs.demoblaze.testscripts.ContactUs -->
