<?xml version="1.0" encoding="UTF-8"?>
<!-- Generated by org.testng.reporters.JUnitReportReporter -->
<testsuite skipped="0" hostname="ATMECSINLT-405" name="com.atmecs.demoblaze.testscripts.AddToCart" tests="1" failures="0" timestamp="2020-10-09T18:21:46 IST" time="32.264" errors="0">
  <testcase name="addtoCart" time="32.264" classname="com.atmecs.demoblaze.testscripts.AddToCart"/>
  <system-out/>
</testsuite> <!-- com.atmecs.demoblaze.testscripts.AddToCart -->
