<?xml version="1.0" encoding="UTF-8"?>
<!-- Generated by org.testng.reporters.JUnitReportReporter -->
<testsuite skipped="0" hostname="ATMECSINLT-405" name="com.atmecs.demoblaze.testscripts.Registration" tests="1" failures="0" timestamp="2020-10-09T18:21:46 IST" time="13.046" errors="0">
  <testcase name="register" time="13.046" classname="com.atmecs.demoblaze.testscripts.Registration"/>
  <system-out/>
</testsuite> <!-- com.atmecs.demoblaze.testscripts.Registration -->
