<?xml version="1.0" encoding="UTF-8"?>
<!-- Generated by org.testng.reporters.JUnitReportReporter -->
<testsuite skipped="0" hostname="ATMECSINLT-405" name="com.atmecs.demoblaze.testscripts.Login" tests="1" failures="0" timestamp="2020-10-06T17:36:57 IST" time="12.365" errors="0">
  <testcase name="login" time="12.365" classname="com.atmecs.demoblaze.testscripts.Login"/>
  <system-out/>
</testsuite> <!-- com.atmecs.demoblaze.testscripts.Login -->
