<?xml version="1.0" encoding="UTF-8"?>
<!-- Generated by org.testng.reporters.JUnitReportReporter -->
<testsuite skipped="0" hostname="ATMECSINLT-405" name="com.atmecs.demoblaze.testscripts.AddToCart" tests="1" failures="0" timestamp="2020-10-06T17:59:06 IST" time="25.585" errors="0">
  <testcase name="addtoCart" time="25.585" classname="com.atmecs.demoblaze.testscripts.AddToCart"/>
  <system-out/>
</testsuite> <!-- com.atmecs.demoblaze.testscripts.AddToCart -->
