<?xml version="1.0" encoding="UTF-8"?>
<!-- Generated by org.testng.reporters.JUnitReportReporter -->
<testsuite skipped="0" hostname="ATMECSINLT-405" name="com.atmecs.falcon.falconweb.testscript.SampleTestScript" tests="1" failures="0" timestamp="23 Nov 2020 05:05:07 GMT" time="21.310" errors="0">
  <testcase name="sampleTest" time="21.310" classname="com.atmecs.falcon.falconweb.testscript.SampleTestScript"/>
</testsuite> <!-- com.atmecs.falcon.falconweb.testscript.SampleTestScript -->
