<?xml version="1.0" encoding="UTF-8"?>
<!-- Generated by org.testng.reporters.JUnitReportReporter -->
<testsuite skipped="0" hostname="ATMECSINLT-405" name="com.atmecs.apitesting.testscripts.DeleteApiTest" tests="1" failures="0" timestamp="2020-11-13T12:05:23 IST" time="4.142" errors="0">
  <testcase name="testGetApi" time="4.142" classname="com.atmecs.apitesting.testscripts.DeleteApiTest"/>
  <system-out/>
</testsuite> <!-- com.atmecs.apitesting.testscripts.DeleteApiTest -->
